<!DOCTYPE html>

<html>
  <head>
  <title>TestNG reports</title>

    <link type="text/css" href="testng-reports.css" rel="stylesheet" />  
    <script type="text/javascript" src="jquery-1.7.1.min.js"></script>
    <script type="text/javascript" src="testng-reports.js"></script>
    <script type="text/javascript" src="https://www.google.com/jsapi"></script>
    <script type='text/javascript'>
      google.load('visualization', '1', {packages:['table']});
      google.setOnLoadCallback(drawTable);
      var suiteTableInitFunctions = new Array();
      var suiteTableData = new Array();
    </script>
    <!--
      <script type="text/javascript" src="jquery-ui/js/jquery-ui-1.8.16.custom.min.js"></script>
     -->
  </head>

  <body>
    <div class="top-banner-root">
      <span class="top-banner-title-font">Test results</span>
      <br/>
      <span class="top-banner-font-1">1 suite, 2 failed tests</span>
    </div> <!-- top-banner-root -->
    <div class="navigator-root">
      <div class="navigator-suite-header">
        <span>All suites</span>
        <a href="#" class="collapse-all-link" title="Collapse/expand all the suites">
          <img class="collapse-all-icon" src="collapseall.gif">
          </img> <!-- collapse-all-icon -->
        </a> <!-- collapse-all-link -->
      </div> <!-- navigator-suite-header -->
      <div class="suite">
        <div class="rounded-window">
          <div class="suite-header light-rounded-window-top">
            <a href="#" class="navigator-link" panel-name="suite-IE-Tests">
              <span class="suite-name border-failed">IE-Tests</span>
            </a> <!-- navigator-link -->
          </div> <!-- suite-header light-rounded-window-top -->
          <div class="navigator-suite-content">
            <div class="suite-section-title">
              <span>Info</span>
            </div> <!-- suite-section-title -->
            <div class="suite-section-content">
              <ul>
                <li>
                  <a href="#" class="navigator-link " panel-name="test-xml-IE-Tests">
                    <span>C:\Users\bbatsale\workspace\automation-kit\ie_tests.xml</span>
                  </a> <!-- navigator-link  -->
                </li>
                <li>
                  <a href="#" class="navigator-link " panel-name="testlist-IE-Tests">
                    <span class="test-stats">3 tests</span>
                  </a> <!-- navigator-link  -->
                </li>
                <li>
                  <a href="#" class="navigator-link " panel-name="group-IE-Tests">
                    <span>0 groups</span>
                  </a> <!-- navigator-link  -->
                </li>
                <li>
                  <a href="#" class="navigator-link " panel-name="times-IE-Tests">
                    <span>Times</span>
                  </a> <!-- navigator-link  -->
                </li>
                <li>
                  <a href="#" class="navigator-link " panel-name="reporter-IE-Tests">
                    <span>Reporter output</span>
                  </a> <!-- navigator-link  -->
                </li>
                <li>
                  <a href="#" class="navigator-link " panel-name="ignored-methods-IE-Tests">
                    <span>Ignored methods</span>
                  </a> <!-- navigator-link  -->
                </li>
                <li>
                  <a href="#" class="navigator-link " panel-name="chronological-IE-Tests">
                    <span>Chronological view</span>
                  </a> <!-- navigator-link  -->
                </li>
              </ul>
            </div> <!-- suite-section-content -->
            <div class="result-section">
              <div class="suite-section-title">
                <span>Results</span>
              </div> <!-- suite-section-title -->
              <div class="suite-section-content">
                <ul>
                  <li>
                    <span class="method-stats">7 methods, 2 failed,   5 passed</span>
                  </li>
                  <li>
                    <span class="method-list-title failed">Failed methods</span>
                    <span class="show-or-hide-methods failed">
                      <a href="#" panel-name="suite-IE-Tests" class="hide-methods failed suite-IE-Tests"> (hide)</a> <!-- hide-methods failed suite-IE-Tests -->
                      <a href="#" panel-name="suite-IE-Tests" class="show-methods failed suite-IE-Tests"> (show)</a> <!-- show-methods failed suite-IE-Tests -->
                    </span>
                    <div class="method-list-content failed suite-IE-Tests">
                      <span>
                        <img width="3%" src="failed.png"/>
                        <a href="#" class="method navigator-link" panel-name="suite-IE-Tests" title="tests.FilesDownloadVerification" hash-for-method="isPerformanceTestTutorialDownloadable">isPerformanceTestTutorialDownloadable</a> <!-- method navigator-link -->
                      </span>
                      <br/>
                      <span>
                        <img width="3%" src="failed.png"/>
                        <a href="#" class="method navigator-link" panel-name="suite-IE-Tests" title="tests.VerifyPagesLoadFine" hash-for-method="verifyLoadTestingToolsPageLoadsFine">verifyLoadTestingToolsPageLoadsFine</a> <!-- method navigator-link -->
                      </span>
                      <br/>
                    </div> <!-- method-list-content failed suite-IE-Tests -->
                  </li>
                  <li>
                    <span class="method-list-title passed">Passed methods</span>
                    <span class="show-or-hide-methods passed">
                      <a href="#" panel-name="suite-IE-Tests" class="hide-methods passed suite-IE-Tests"> (hide)</a> <!-- hide-methods passed suite-IE-Tests -->
                      <a href="#" panel-name="suite-IE-Tests" class="show-methods passed suite-IE-Tests"> (show)</a> <!-- show-methods passed suite-IE-Tests -->
                    </span>
                    <div class="method-list-content passed suite-IE-Tests">
                      <span>
                        <img width="3%" src="passed.png"/>
                        <a href="#" class="method navigator-link" panel-name="suite-IE-Tests" title="tests.FilesDownloadVerification" hash-for-method="isLoadTestTutorialDownloadable">isLoadTestTutorialDownloadable</a> <!-- method navigator-link -->
                      </span>
                      <br/>
                      <span>
                        <img width="3%" src="passed.png"/>
                        <a href="#" class="method navigator-link" panel-name="suite-IE-Tests" title="tests.LoginTest" hash-for-method="isUserLoggedIn">isUserLoggedIn</a> <!-- method navigator-link -->
                      </span>
                      <br/>
                      <span>
                        <img width="3%" src="passed.png"/>
                        <a href="#" class="method navigator-link" panel-name="suite-IE-Tests" title="tests.FilesDownloadVerification" hash-for-method="isUserLoggedIn">isUserLoggedIn</a> <!-- method navigator-link -->
                      </span>
                      <br/>
                      <span>
                        <img width="3%" src="passed.png"/>
                        <a href="#" class="method navigator-link" panel-name="suite-IE-Tests" title="tests.VerifyPagesLoadFine" hash-for-method="veifyLoadTestPageLoadsFine">veifyLoadTestPageLoadsFine</a> <!-- method navigator-link -->
                      </span>
                      <br/>
                      <span>
                        <img width="3%" src="passed.png"/>
                        <a href="#" class="method navigator-link" panel-name="suite-IE-Tests" title="tests.VerifyPagesLoadFine" hash-for-method="verifyPerformancePageLoadsFine">verifyPerformancePageLoadsFine</a> <!-- method navigator-link -->
                      </span>
                      <br/>
                    </div> <!-- method-list-content passed suite-IE-Tests -->
                  </li>
                </ul>
              </div> <!-- suite-section-content -->
            </div> <!-- result-section -->
          </div> <!-- navigator-suite-content -->
        </div> <!-- rounded-window -->
      </div> <!-- suite -->
    </div> <!-- navigator-root -->
    <div class="wrapper">
      <div class="main-panel-root">
        <div panel-name="suite-IE-Tests" class="panel IE-Tests">
          <div class="suite-IE-Tests-class-failed">
            <div class="main-panel-header rounded-window-top">
              <img src="failed.png"/>
              <span class="class-name">tests.VerifyPagesLoadFine</span>
            </div> <!-- main-panel-header rounded-window-top -->
            <div class="main-panel-content rounded-window-bottom">
              <div class="method">
                <div class="method-content">
                  <a name="verifyLoadTestingToolsPageLoadsFine">
                  </a> <!-- verifyLoadTestingToolsPageLoadsFine -->
                  <span class="method-name">verifyLoadTestingToolsPageLoadsFine</span>
                  <div class="stack-trace"><b>"java.lang.AssertionError: expected [true] but found [false]
	at tests.VerifyPagesLoadFine.verifyLoadTestingToolsPageLoadsFine(VerifyPagesLoadFine.java:37)
	at java.util.concurrent.FutureTask$Sync.innerRun(FutureTask.java:334)
	at java.util.concurrent.FutureTask.run(FutureTask.java:166)
	at java.util.concurrent.ThreadPoolExecutor.runWorker(ThreadPoolExecutor.java:1145)
	at java.util.concurrent.ThreadPoolExecutor$Worker.run(ThreadPoolExecutor.java:615)
	at java.lang.Thread.run(Thread.java:724)
... Removed 20 stack frames<br/> java.lang.AssertionError: expected [true] but found [false]
	at org.testng.Assert.fail(Assert.java:94)
	at org.testng.Assert.failNotEquals(Assert.java:494)
	at org.testng.Assert.assertTrue(Assert.java:42)
	at org.testng.Assert.assertTrue(Assert.java:52)
	at tests.VerifyPagesLoadFine.verifyLoadTestingToolsPageLoadsFine(VerifyPagesLoadFine.java:37)
	at sun.reflect.NativeMethodAccessorImpl.invoke0(Native Method)
	at sun.reflect.NativeMethodAccessorImpl.invoke(NativeMethodAccessorImpl.java:57)
	at sun.reflect.DelegatingMethodAccessorImpl.invoke(DelegatingMethodAccessorImpl.java:43)
	at java.lang.reflect.Method.invoke(Method.java:606)
	at org.testng.internal.MethodInvocationHelper.invokeMethod(MethodInvocationHelper.java:80)
	at org.testng.internal.Invoker.invokeMethod(Invoker.java:714)
	at org.testng.internal.Invoker.invokeTestMethod(Invoker.java:901)
	at org.testng.internal.Invoker.invokeTestMethods(Invoker.java:1231)
	at org.testng.internal.TestMethodWorker.invokeTestMethods(TestMethodWorker.java:127)
	at org.testng.internal.TestMethodWorker.run(TestMethodWorker.java:111)
	at org.testng.TestRunner.privateRun(TestRunner.java:767)
	at org.testng.TestRunner.run(TestRunner.java:617)
	at org.testng.SuiteRunner.runTest(SuiteRunner.java:334)
	at org.testng.SuiteRunner.access$000(SuiteRunner.java:37)
	at org.testng.SuiteRunner$SuiteWorker.run(SuiteRunner.java:368)
	at org.testng.internal.thread.ThreadUtil$2.call(ThreadUtil.java:64)
	at java.util.concurrent.FutureTask$Sync.innerRun(FutureTask.java:334)
	at java.util.concurrent.FutureTask.run(FutureTask.java:166)
	at java.util.concurrent.ThreadPoolExecutor.runWorker(ThreadPoolExecutor.java:1145)
	at java.util.concurrent.ThreadPoolExecutor$Worker.run(ThreadPoolExecutor.java:615)
	at java.lang.Thread.run(Thread.java:724)
"</b><br>org.testng.Assert.fail(Assert.java:94)<br>org.testng.Assert.failNotEquals(Assert.java:494)<br>org.testng.Assert.assertTrue(Assert.java:42)<br>org.testng.Assert.assertTrue(Assert.java:52)<br>tests.VerifyPagesLoadFine.verifyLoadTestingToolsPageLoadsFine(VerifyPagesLoadFine.java:37)<br>sun.reflect.NativeMethodAccessorImpl.invoke0(Native Method)<br>sun.reflect.NativeMethodAccessorImpl.invoke(NativeMethodAccessorImpl.java:57)<br>sun.reflect.DelegatingMethodAccessorImpl.invoke(DelegatingMethodAccessorImpl.java:43)<br>java.lang.reflect.Method.invoke(Method.java:606)<br>org.testng.internal.MethodInvocationHelper.invokeMethod(MethodInvocationHelper.java:80)<br>org.testng.internal.Invoker.invokeMethod(Invoker.java:714)<br>org.testng.internal.Invoker.invokeTestMethod(Invoker.java:901)<br>org.testng.internal.Invoker.invokeTestMethods(Invoker.java:1231)<br>org.testng.internal.TestMethodWorker.invokeTestMethods(TestMethodWorker.java:127)<br>org.testng.internal.TestMethodWorker.run(TestMethodWorker.java:111)<br>org.testng.TestRunner.privateRun(TestRunner.java:767)<br>org.testng.TestRunner.run(TestRunner.java:617)<br>org.testng.SuiteRunner.runTest(SuiteRunner.java:334)<br>org.testng.SuiteRunner.access$000(SuiteRunner.java:37)<br>org.testng.SuiteRunner$SuiteWorker.run(SuiteRunner.java:368)<br>org.testng.internal.thread.ThreadUtil$2.call(ThreadUtil.java:64)<br>java.util.concurrent.FutureTask$Sync.innerRun(FutureTask.java:334)<br>java.util.concurrent.FutureTask.run(FutureTask.java:166)<br>java.util.concurrent.ThreadPoolExecutor.runWorker(ThreadPoolExecutor.java:1145)<br>java.util.concurrent.ThreadPoolExecutor$Worker.run(ThreadPoolExecutor.java:615)<br>java.lang.Thread.run(Thread.java:724)<br>
</div> <!-- stack-trace -->
                </div> <!-- method-content -->
              </div> <!-- method -->
            </div> <!-- main-panel-content rounded-window-bottom -->
          </div> <!-- suite-IE-Tests-class-failed -->
          <div class="suite-IE-Tests-class-failed">
            <div class="main-panel-header rounded-window-top">
              <img src="failed.png"/>
              <span class="class-name">tests.FilesDownloadVerification</span>
            </div> <!-- main-panel-header rounded-window-top -->
            <div class="main-panel-content rounded-window-bottom">
              <div class="method">
                <div class="method-content">
                  <a name="isPerformanceTestTutorialDownloadable">
                  </a> <!-- isPerformanceTestTutorialDownloadable -->
                  <span class="method-name">isPerformanceTestTutorialDownloadable</span>
                  <div class="stack-trace"><b>"java.lang.AssertionError: expected [true] but found [false]
	at tests.FilesDownloadVerification.isPerformanceTestTutorialDownloadable(FilesDownloadVerification.java:34)
	at java.util.concurrent.FutureTask$Sync.innerRun(FutureTask.java:334)
	at java.util.concurrent.FutureTask.run(FutureTask.java:166)
	at java.util.concurrent.ThreadPoolExecutor.runWorker(ThreadPoolExecutor.java:1145)
	at java.util.concurrent.ThreadPoolExecutor$Worker.run(ThreadPoolExecutor.java:615)
	at java.lang.Thread.run(Thread.java:724)
... Removed 20 stack frames<br/> java.lang.AssertionError: expected [true] but found [false]
	at org.testng.Assert.fail(Assert.java:94)
	at org.testng.Assert.failNotEquals(Assert.java:494)
	at org.testng.Assert.assertTrue(Assert.java:42)
	at org.testng.Assert.assertTrue(Assert.java:52)
	at tests.FilesDownloadVerification.isPerformanceTestTutorialDownloadable(FilesDownloadVerification.java:34)
	at sun.reflect.NativeMethodAccessorImpl.invoke0(Native Method)
	at sun.reflect.NativeMethodAccessorImpl.invoke(NativeMethodAccessorImpl.java:57)
	at sun.reflect.DelegatingMethodAccessorImpl.invoke(DelegatingMethodAccessorImpl.java:43)
	at java.lang.reflect.Method.invoke(Method.java:606)
	at org.testng.internal.MethodInvocationHelper.invokeMethod(MethodInvocationHelper.java:80)
	at org.testng.internal.Invoker.invokeMethod(Invoker.java:714)
	at org.testng.internal.Invoker.invokeTestMethod(Invoker.java:901)
	at org.testng.internal.Invoker.invokeTestMethods(Invoker.java:1231)
	at org.testng.internal.TestMethodWorker.invokeTestMethods(TestMethodWorker.java:127)
	at org.testng.internal.TestMethodWorker.run(TestMethodWorker.java:111)
	at org.testng.TestRunner.privateRun(TestRunner.java:767)
	at org.testng.TestRunner.run(TestRunner.java:617)
	at org.testng.SuiteRunner.runTest(SuiteRunner.java:334)
	at org.testng.SuiteRunner.access$000(SuiteRunner.java:37)
	at org.testng.SuiteRunner$SuiteWorker.run(SuiteRunner.java:368)
	at org.testng.internal.thread.ThreadUtil$2.call(ThreadUtil.java:64)
	at java.util.concurrent.FutureTask$Sync.innerRun(FutureTask.java:334)
	at java.util.concurrent.FutureTask.run(FutureTask.java:166)
	at java.util.concurrent.ThreadPoolExecutor.runWorker(ThreadPoolExecutor.java:1145)
	at java.util.concurrent.ThreadPoolExecutor$Worker.run(ThreadPoolExecutor.java:615)
	at java.lang.Thread.run(Thread.java:724)
"</b><br>org.testng.Assert.fail(Assert.java:94)<br>org.testng.Assert.failNotEquals(Assert.java:494)<br>org.testng.Assert.assertTrue(Assert.java:42)<br>org.testng.Assert.assertTrue(Assert.java:52)<br>tests.FilesDownloadVerification.isPerformanceTestTutorialDownloadable(FilesDownloadVerification.java:34)<br>sun.reflect.NativeMethodAccessorImpl.invoke0(Native Method)<br>sun.reflect.NativeMethodAccessorImpl.invoke(NativeMethodAccessorImpl.java:57)<br>sun.reflect.DelegatingMethodAccessorImpl.invoke(DelegatingMethodAccessorImpl.java:43)<br>java.lang.reflect.Method.invoke(Method.java:606)<br>org.testng.internal.MethodInvocationHelper.invokeMethod(MethodInvocationHelper.java:80)<br>org.testng.internal.Invoker.invokeMethod(Invoker.java:714)<br>org.testng.internal.Invoker.invokeTestMethod(Invoker.java:901)<br>org.testng.internal.Invoker.invokeTestMethods(Invoker.java:1231)<br>org.testng.internal.TestMethodWorker.invokeTestMethods(TestMethodWorker.java:127)<br>org.testng.internal.TestMethodWorker.run(TestMethodWorker.java:111)<br>org.testng.TestRunner.privateRun(TestRunner.java:767)<br>org.testng.TestRunner.run(TestRunner.java:617)<br>org.testng.SuiteRunner.runTest(SuiteRunner.java:334)<br>org.testng.SuiteRunner.access$000(SuiteRunner.java:37)<br>org.testng.SuiteRunner$SuiteWorker.run(SuiteRunner.java:368)<br>org.testng.internal.thread.ThreadUtil$2.call(ThreadUtil.java:64)<br>java.util.concurrent.FutureTask$Sync.innerRun(FutureTask.java:334)<br>java.util.concurrent.FutureTask.run(FutureTask.java:166)<br>java.util.concurrent.ThreadPoolExecutor.runWorker(ThreadPoolExecutor.java:1145)<br>java.util.concurrent.ThreadPoolExecutor$Worker.run(ThreadPoolExecutor.java:615)<br>java.lang.Thread.run(Thread.java:724)<br>
</div> <!-- stack-trace -->
                </div> <!-- method-content -->
              </div> <!-- method -->
            </div> <!-- main-panel-content rounded-window-bottom -->
          </div> <!-- suite-IE-Tests-class-failed -->
          <div class="suite-IE-Tests-class-passed">
            <div class="main-panel-header rounded-window-top">
              <img src="passed.png"/>
              <span class="class-name">tests.LoginTest</span>
            </div> <!-- main-panel-header rounded-window-top -->
            <div class="main-panel-content rounded-window-bottom">
              <div class="method">
                <div class="method-content">
                  <a name="isUserLoggedIn">
                  </a> <!-- isUserLoggedIn -->
                  <span class="method-name">isUserLoggedIn</span>
                </div> <!-- method-content -->
              </div> <!-- method -->
            </div> <!-- main-panel-content rounded-window-bottom -->
          </div> <!-- suite-IE-Tests-class-passed -->
          <div class="suite-IE-Tests-class-passed">
            <div class="main-panel-header rounded-window-top">
              <img src="passed.png"/>
              <span class="class-name">tests.VerifyPagesLoadFine</span>
            </div> <!-- main-panel-header rounded-window-top -->
            <div class="main-panel-content rounded-window-bottom">
              <div class="method">
                <div class="method-content">
                  <a name="veifyLoadTestPageLoadsFine">
                  </a> <!-- veifyLoadTestPageLoadsFine -->
                  <span class="method-name">veifyLoadTestPageLoadsFine</span>
                </div> <!-- method-content -->
              </div> <!-- method -->
              <div class="method">
                <div class="method-content">
                  <a name="verifyPerformancePageLoadsFine">
                  </a> <!-- verifyPerformancePageLoadsFine -->
                  <span class="method-name">verifyPerformancePageLoadsFine</span>
                </div> <!-- method-content -->
              </div> <!-- method -->
            </div> <!-- main-panel-content rounded-window-bottom -->
          </div> <!-- suite-IE-Tests-class-passed -->
          <div class="suite-IE-Tests-class-passed">
            <div class="main-panel-header rounded-window-top">
              <img src="passed.png"/>
              <span class="class-name">tests.FilesDownloadVerification</span>
            </div> <!-- main-panel-header rounded-window-top -->
            <div class="main-panel-content rounded-window-bottom">
              <div class="method">
                <div class="method-content">
                  <a name="isLoadTestTutorialDownloadable">
                  </a> <!-- isLoadTestTutorialDownloadable -->
                  <span class="method-name">isLoadTestTutorialDownloadable</span>
                </div> <!-- method-content -->
              </div> <!-- method -->
              <div class="method">
                <div class="method-content">
                  <a name="isUserLoggedIn">
                  </a> <!-- isUserLoggedIn -->
                  <span class="method-name">isUserLoggedIn</span>
                </div> <!-- method-content -->
              </div> <!-- method -->
            </div> <!-- main-panel-content rounded-window-bottom -->
          </div> <!-- suite-IE-Tests-class-passed -->
        </div> <!-- panel IE-Tests -->
        <div panel-name="test-xml-IE-Tests" class="panel">
          <div class="main-panel-header rounded-window-top">
            <span class="header-content">C:\Users\bbatsale\workspace\automation-kit\ie_tests.xml</span>
          </div> <!-- main-panel-header rounded-window-top -->
          <div class="main-panel-content rounded-window-bottom">
            <pre>
&lt;?xml version=&quot;1.0&quot; encoding=&quot;UTF-8&quot;?&gt;
&lt;!DOCTYPE suite SYSTEM &quot;http://testng.org/testng-1.0.dtd&quot;&gt;
&lt;suite thread-count=&quot;1&quot; verbose=&quot;0&quot; name=&quot;IE-Tests&quot; parallel=&quot;tests&quot;&gt;
  &lt;listeners&gt;
    &lt;listener class-name=&quot;utils.ScreenshotOnFailure&quot;/&gt;
  &lt;/listeners&gt;
  &lt;test name=&quot;Test I&quot;&gt;
    &lt;parameter name=&quot;port&quot; value=&quot;5555&quot;/&gt;
    &lt;parameter name=&quot;environment&quot; value=&quot;stage&quot;/&gt;
    &lt;parameter name=&quot;browser&quot; value=&quot;ie&quot;/&gt;
    &lt;parameter name=&quot;user&quot; value=&quot;user1&quot;/&gt;
    &lt;parameter name=&quot;ipAddress&quot; value=&quot;localhost&quot;/&gt;
    &lt;classes&gt;
      &lt;class name=&quot;tests.LoginTest&quot;/&gt;
    &lt;/classes&gt;
  &lt;/test&gt; &lt;!-- Test I --&gt;
  &lt;test name=&quot;Test II&quot;&gt;
    &lt;parameter name=&quot;port&quot; value=&quot;5555&quot;/&gt;
    &lt;parameter name=&quot;environment&quot; value=&quot;stage&quot;/&gt;
    &lt;parameter name=&quot;browser&quot; value=&quot;ie&quot;/&gt;
    &lt;parameter name=&quot;user&quot; value=&quot;user2&quot;/&gt;
    &lt;parameter name=&quot;ipAddress&quot; value=&quot;localhost&quot;/&gt;
    &lt;classes&gt;
      &lt;class name=&quot;tests.FilesDownloadVerification&quot;/&gt;
    &lt;/classes&gt;
  &lt;/test&gt; &lt;!-- Test II --&gt;
  &lt;test name=&quot;Test III&quot;&gt;
    &lt;parameter name=&quot;port&quot; value=&quot;5555&quot;/&gt;
    &lt;parameter name=&quot;environment&quot; value=&quot;stage&quot;/&gt;
    &lt;parameter name=&quot;browser&quot; value=&quot;ie&quot;/&gt;
    &lt;parameter name=&quot;user&quot; value=&quot;user3&quot;/&gt;
    &lt;parameter name=&quot;ipAddress&quot; value=&quot;localhost&quot;/&gt;
    &lt;classes&gt;
      &lt;class name=&quot;tests.VerifyPagesLoadFine&quot;/&gt;
    &lt;/classes&gt;
  &lt;/test&gt; &lt;!-- Test III --&gt;
&lt;/suite&gt; &lt;!-- IE-Tests --&gt;
            </pre>
          </div> <!-- main-panel-content rounded-window-bottom -->
        </div> <!-- panel -->
        <div panel-name="testlist-IE-Tests" class="panel">
          <div class="main-panel-header rounded-window-top">
            <span class="header-content">Tests for IE-Tests</span>
          </div> <!-- main-panel-header rounded-window-top -->
          <div class="main-panel-content rounded-window-bottom">
            <ul>
              <li>
                <span class="test-name">Test I (1 class)</span>
              </li>
              <li>
                <span class="test-name">Test II (1 class)</span>
              </li>
              <li>
                <span class="test-name">Test III (1 class)</span>
              </li>
            </ul>
          </div> <!-- main-panel-content rounded-window-bottom -->
        </div> <!-- panel -->
        <div panel-name="group-IE-Tests" class="panel">
          <div class="main-panel-header rounded-window-top">
            <span class="header-content">Groups for IE-Tests</span>
          </div> <!-- main-panel-header rounded-window-top -->
          <div class="main-panel-content rounded-window-bottom">
          </div> <!-- main-panel-content rounded-window-bottom -->
        </div> <!-- panel -->
        <div panel-name="times-IE-Tests" class="panel">
          <div class="main-panel-header rounded-window-top">
            <span class="header-content">Times for IE-Tests</span>
          </div> <!-- main-panel-header rounded-window-top -->
          <div class="main-panel-content rounded-window-bottom">
            <div class="times-div">
              <script type="text/javascript">
suiteTableInitFunctions.push('tableData_IE-Tests');
function tableData_IE-Tests() {
var data = new google.visualization.DataTable();
data.addColumn('number', 'Number');
data.addColumn('string', 'Method');
data.addColumn('string', 'Class');
data.addColumn('number', 'Time (ms)');
data.addRows(7);
data.setCell(0, 0, 0)
data.setCell(0, 1, 'verifyPerformancePageLoadsFine')
data.setCell(0, 2, 'tests.VerifyPagesLoadFine')
data.setCell(0, 3, 1656);
data.setCell(1, 0, 1)
data.setCell(1, 1, 'veifyLoadTestPageLoadsFine')
data.setCell(1, 2, 'tests.VerifyPagesLoadFine')
data.setCell(1, 3, 1330);
data.setCell(2, 0, 2)
data.setCell(2, 1, 'verifyLoadTestingToolsPageLoadsFine')
data.setCell(2, 2, 'tests.VerifyPagesLoadFine')
data.setCell(2, 3, 1213);
data.setCell(3, 0, 3)
data.setCell(3, 1, 'isPerformanceTestTutorialDownloadable')
data.setCell(3, 2, 'tests.FilesDownloadVerification')
data.setCell(3, 3, 893);
data.setCell(4, 0, 4)
data.setCell(4, 1, 'isLoadTestTutorialDownloadable')
data.setCell(4, 2, 'tests.FilesDownloadVerification')
data.setCell(4, 3, 721);
data.setCell(5, 0, 5)
data.setCell(5, 1, 'isUserLoggedIn')
data.setCell(5, 2, 'tests.LoginTest')
data.setCell(5, 3, 35);
data.setCell(6, 0, 6)
data.setCell(6, 1, 'isUserLoggedIn')
data.setCell(6, 2, 'tests.FilesDownloadVerification')
data.setCell(6, 3, 34);
window.suiteTableData['IE-Tests']= { tableData: data, tableDiv: 'times-div-IE-Tests'}
return data;
}
              </script>
              <span class="suite-total-time">Total running time: 5 seconds</span>
              <div id="times-div-IE-Tests">
              </div> <!-- times-div-IE-Tests -->
            </div> <!-- times-div -->
          </div> <!-- main-panel-content rounded-window-bottom -->
        </div> <!-- panel -->
        <div panel-name="reporter-IE-Tests" class="panel">
          <div class="main-panel-header rounded-window-top">
            <span class="header-content">Reporter output for IE-Tests</span>
          </div> <!-- main-panel-header rounded-window-top -->
          <div class="main-panel-content rounded-window-bottom">
            <div class="reporter-method-div">
              <span class="reporter-method-name">isUserLoggedIn</span>
              <div class="reporter-method-output-div">
                <span class="reporter-method-output">Load testing page title: Load Testing</span>
              </div> <!-- reporter-method-output-div -->
            </div> <!-- reporter-method-div -->
            <div class="reporter-method-div">
              <span class="reporter-method-name">isUserLoggedIn</span>
              <div class="reporter-method-output-div">
                <span class="reporter-method-output">Load testing page title: Load Testing</span>
              </div> <!-- reporter-method-output-div -->
            </div> <!-- reporter-method-div -->
            <div class="reporter-method-div">
              <span class="reporter-method-name">isLoadTestTutorialDownloadable</span>
              <div class="reporter-method-output-div">
                <span class="reporter-method-output">Link: https://dl.dropboxusercontent.com/u/247363443/Site/Load%20Testing%20review.docx</span>
                <span class="reporter-method-output">Code: 200</span>
              </div> <!-- reporter-method-output-div -->
            </div> <!-- reporter-method-div -->
            <div class="reporter-method-div">
              <span class="reporter-method-name">isPerformanceTestTutorialDownloadable</span>
              <div class="reporter-method-output-div">
                <span class="reporter-method-output">Link: https://dl.dropboxusercontent.com/u/247363443/Site/Performance%20Testing%20review.docx</span>
                <span class="reporter-method-output">Code: 404</span>
              </div> <!-- reporter-method-output-div -->
            </div> <!-- reporter-method-div -->
          </div> <!-- main-panel-content rounded-window-bottom -->
        </div> <!-- panel -->
        <div panel-name="ignored-methods-IE-Tests" class="panel">
          <div class="main-panel-header rounded-window-top">
            <span class="header-content">0 ignored methods</span>
          </div> <!-- main-panel-header rounded-window-top -->
          <div class="main-panel-content rounded-window-bottom">
          </div> <!-- main-panel-content rounded-window-bottom -->
        </div> <!-- panel -->
        <div panel-name="chronological-IE-Tests" class="panel">
          <div class="main-panel-header rounded-window-top">
            <span class="header-content">Methods in chronological order</span>
          </div> <!-- main-panel-header rounded-window-top -->
          <div class="main-panel-content rounded-window-bottom">
            <div class="chronological-class">
              <div class="chronological-class-name">tests.VerifyPagesLoadFine</div> <!-- chronological-class-name -->
              <div class="configuration-suite before">
                <span class="method-name">prepareSuiteForTesting</span>
                <span class="method-start">0 ms</span>
              </div> <!-- configuration-suite before -->
            </div> <!-- chronological-class -->
            <div class="chronological-class">
              <div class="chronological-class-name">tests.LoginTest</div> <!-- chronological-class-name -->
              <div class="configuration-class before">
                <span class="method-name">beforeTest(ie, 5555, localhost, user1, stage)</span>
                <span class="method-start">29 ms</span>
              </div> <!-- configuration-class before -->
              <div class="test-method">
                <span class="method-name">isUserLoggedIn</span>
                <span class="method-start">8651 ms</span>
              </div> <!-- test-method -->
              <div class="configuration-class after">
                <span class="method-name">afterSuite</span>
                <span class="method-start">8686 ms</span>
              </div> <!-- configuration-class after -->
            </div> <!-- chronological-class -->
            <div class="chronological-class">
              <div class="chronological-class-name">tests.FilesDownloadVerification</div> <!-- chronological-class-name -->
              <div class="configuration-class before">
                <span class="method-name">beforeTest(ie, 5555, localhost, user2, stage)</span>
                <span class="method-start">9752 ms</span>
              </div> <!-- configuration-class before -->
              <div class="test-method">
                <span class="method-name">isUserLoggedIn</span>
                <span class="method-start">16444 ms</span>
              </div> <!-- test-method -->
              <div class="test-method">
                <img src="failed.png">
                </img>
                <span class="method-name">isPerformanceTestTutorialDownloadable</span>
                <span class="method-start">16479 ms</span>
              </div> <!-- test-method -->
              <div class="test-method">
                <span class="method-name">isLoadTestTutorialDownloadable</span>
                <span class="method-start">17993 ms</span>
              </div> <!-- test-method -->
              <div class="configuration-class after">
                <span class="method-name">afterSuite</span>
                <span class="method-start">18714 ms</span>
              </div> <!-- configuration-class after -->
            </div> <!-- chronological-class -->
            <div class="chronological-class">
              <div class="chronological-class-name">tests.VerifyPagesLoadFine</div> <!-- chronological-class-name -->
              <div class="configuration-class before">
                <span class="method-name">beforeTest(ie, 5555, localhost, user3, stage)</span>
                <span class="method-start">19762 ms</span>
              </div> <!-- configuration-class before -->
              <div class="test-method">
                <span class="method-name">veifyLoadTestPageLoadsFine</span>
                <span class="method-start">25814 ms</span>
              </div> <!-- test-method -->
              <div class="test-method">
                <span class="method-name">verifyPerformancePageLoadsFine</span>
                <span class="method-start">27146 ms</span>
              </div> <!-- test-method -->
              <div class="test-method">
                <img src="failed.png">
                </img>
                <span class="method-name">verifyLoadTestingToolsPageLoadsFine</span>
                <span class="method-start">28803 ms</span>
              </div> <!-- test-method -->
              <div class="configuration-class after">
                <span class="method-name">afterSuite</span>
                <span class="method-start">30542 ms</span>
              </div> <!-- configuration-class after -->
          </div> <!-- main-panel-content rounded-window-bottom -->
        </div> <!-- panel -->
      </div> <!-- main-panel-root -->
    </div> <!-- wrapper -->
  </body>
</html>
