<?xml version="1.0" encoding="UTF-8"?>
<testng-results skipped="0" failed="2" total="7" passed="5">
  <reporter-output>
    <line>
      <![CDATA[Load testing page title: Load Testing]]>
    </line>
    <line>
      <![CDATA[Load testing page title: Load Testing]]>
    </line>
    <line>
      <![CDATA[Link: https://dl.dropboxusercontent.com/u/247363443/Site/Performance%20Testing%20review.docx]]>
    </line>
    <line>
      <![CDATA[Code: 404]]>
    </line>
    <line>
      <![CDATA[Link: https://dl.dropboxusercontent.com/u/247363443/Site/Load%20Testing%20review.docx]]>
    </line>
    <line>
      <![CDATA[Code: 200]]>
    </line>
  </reporter-output>
  <suite name="IE-Tests" duration-ms="31543" started-at="2013-12-20T08:21:29Z" finished-at="2013-12-20T08:22:00Z">
    <groups>
    </groups>
    <test name="Test I" duration-ms="9689" started-at="2013-12-20T08:21:29Z" finished-at="2013-12-20T08:21:38Z">
      <class name="tests.LoginTest">
        <test-method status="PASS" signature="beforeTest(java.lang.String, java.lang.String, java.lang.String, java.lang.String, java.lang.String)[pri:0, instance:tests.LoginTest@5bbd2184]" name="beforeTest" is-config="true" duration-ms="8620" started-at="2013-12-20T00:21:29Z" finished-at="2013-12-20T00:21:37Z">
          <params>
            <param index="0">
              <value>
                <![CDATA[ie]]>
              </value>
            </param>
            <param index="1">
              <value>
                <![CDATA[5555]]>
              </value>
            </param>
            <param index="2">
              <value>
                <![CDATA[localhost]]>
              </value>
            </param>
            <param index="3">
              <value>
                <![CDATA[user1]]>
              </value>
            </param>
            <param index="4">
              <value>
                <![CDATA[stage]]>
              </value>
            </param>
          </params>
          <reporter-output>
          </reporter-output>
        </test-method> <!-- beforeTest -->
        <test-method status="PASS" signature="isUserLoggedIn()[pri:0, instance:tests.LoginTest@5bbd2184]" name="isUserLoggedIn" duration-ms="35" started-at="2013-12-20T00:21:37Z" finished-at="2013-12-20T00:21:37Z">
          <reporter-output>
            <line>
              <![CDATA[Load testing page title: Load Testing]]>
            </line>
          </reporter-output>
        </test-method> <!-- isUserLoggedIn -->
        <test-method status="PASS" signature="afterSuite()[pri:0, instance:tests.LoginTest@5bbd2184]" name="afterSuite" is-config="true" duration-ms="1025" started-at="2013-12-20T00:21:37Z" finished-at="2013-12-20T00:21:38Z">
          <reporter-output>
          </reporter-output>
        </test-method> <!-- afterSuite -->
      </class> <!-- tests.LoginTest -->
    </test> <!-- Test I -->
    <test name="Test II" duration-ms="10001" started-at="2013-12-20T08:21:38Z" finished-at="2013-12-20T08:21:48Z">
      <class name="tests.FilesDownloadVerification">
        <test-method status="PASS" signature="beforeTest(java.lang.String, java.lang.String, java.lang.String, java.lang.String, java.lang.String)[pri:0, instance:tests.FilesDownloadVerification@2d4bdf68]" name="beforeTest" is-config="true" duration-ms="6691" started-at="2013-12-20T00:21:38Z" finished-at="2013-12-20T00:21:45Z">
          <params>
            <param index="0">
              <value>
                <![CDATA[ie]]>
              </value>
            </param>
            <param index="1">
              <value>
                <![CDATA[5555]]>
              </value>
            </param>
            <param index="2">
              <value>
                <![CDATA[localhost]]>
              </value>
            </param>
            <param index="3">
              <value>
                <![CDATA[user2]]>
              </value>
            </param>
            <param index="4">
              <value>
                <![CDATA[stage]]>
              </value>
            </param>
          </params>
          <reporter-output>
          </reporter-output>
        </test-method> <!-- beforeTest -->
        <test-method status="PASS" signature="isUserLoggedIn()[pri:0, instance:tests.FilesDownloadVerification@2d4bdf68]" name="isUserLoggedIn" duration-ms="34" started-at="2013-12-20T00:21:45Z" finished-at="2013-12-20T00:21:45Z">
          <reporter-output>
            <line>
              <![CDATA[Load testing page title: Load Testing]]>
            </line>
          </reporter-output>
        </test-method> <!-- isUserLoggedIn -->
        <test-method status="FAIL" signature="isPerformanceTestTutorialDownloadable()[pri:0, instance:tests.FilesDownloadVerification@2d4bdf68]" name="isPerformanceTestTutorialDownloadable" duration-ms="893" started-at="2013-12-20T00:21:45Z" finished-at="2013-12-20T00:21:46Z">
          <exception class="java.lang.AssertionError">
            <message>
              <![CDATA[expected [true] but found [false]]]>
            </message>
            <full-stacktrace>
              <![CDATA[java.lang.AssertionError: expected [true] but found [false]
	at org.testng.Assert.fail(Assert.java:94)
	at org.testng.Assert.failNotEquals(Assert.java:494)
	at org.testng.Assert.assertTrue(Assert.java:42)
	at org.testng.Assert.assertTrue(Assert.java:52)
	at tests.FilesDownloadVerification.isPerformanceTestTutorialDownloadable(FilesDownloadVerification.java:34)
	at sun.reflect.NativeMethodAccessorImpl.invoke0(Native Method)
	at sun.reflect.NativeMethodAccessorImpl.invoke(NativeMethodAccessorImpl.java:57)
	at sun.reflect.DelegatingMethodAccessorImpl.invoke(DelegatingMethodAccessorImpl.java:43)
	at java.lang.reflect.Method.invoke(Method.java:606)
	at org.testng.internal.MethodInvocationHelper.invokeMethod(MethodInvocationHelper.java:80)
	at org.testng.internal.Invoker.invokeMethod(Invoker.java:714)
	at org.testng.internal.Invoker.invokeTestMethod(Invoker.java:901)
	at org.testng.internal.Invoker.invokeTestMethods(Invoker.java:1231)
	at org.testng.internal.TestMethodWorker.invokeTestMethods(TestMethodWorker.java:127)
	at org.testng.internal.TestMethodWorker.run(TestMethodWorker.java:111)
	at org.testng.TestRunner.privateRun(TestRunner.java:767)
	at org.testng.TestRunner.run(TestRunner.java:617)
	at org.testng.SuiteRunner.runTest(SuiteRunner.java:334)
	at org.testng.SuiteRunner.access$000(SuiteRunner.java:37)
	at org.testng.SuiteRunner$SuiteWorker.run(SuiteRunner.java:368)
	at org.testng.internal.thread.ThreadUtil$2.call(ThreadUtil.java:64)
	at java.util.concurrent.FutureTask$Sync.innerRun(FutureTask.java:334)
	at java.util.concurrent.FutureTask.run(FutureTask.java:166)
	at java.util.concurrent.ThreadPoolExecutor.runWorker(ThreadPoolExecutor.java:1145)
	at java.util.concurrent.ThreadPoolExecutor$Worker.run(ThreadPoolExecutor.java:615)
	at java.lang.Thread.run(Thread.java:724)
]]>
            </full-stacktrace>
          </exception> <!-- java.lang.AssertionError -->
          <reporter-output>
            <line>
              <![CDATA[Link: https://dl.dropboxusercontent.com/u/247363443/Site/Performance%20Testing%20review.docx]]>
            </line>
            <line>
              <![CDATA[Code: 404]]>
            </line>
          </reporter-output>
        </test-method> <!-- isPerformanceTestTutorialDownloadable -->
        <test-method status="PASS" signature="isLoadTestTutorialDownloadable()[pri:0, instance:tests.FilesDownloadVerification@2d4bdf68]" name="isLoadTestTutorialDownloadable" duration-ms="721" started-at="2013-12-20T00:21:47Z" depends-on-methods="tests.FilesDownloadVerification.isUserLoggedIn" finished-at="2013-12-20T00:21:47Z">
          <reporter-output>
            <line>
              <![CDATA[Link: https://dl.dropboxusercontent.com/u/247363443/Site/Load%20Testing%20review.docx]]>
            </line>
            <line>
              <![CDATA[Code: 200]]>
            </line>
          </reporter-output>
        </test-method> <!-- isLoadTestTutorialDownloadable -->
        <test-method status="PASS" signature="afterSuite()[pri:0, instance:tests.FilesDownloadVerification@2d4bdf68]" name="afterSuite" is-config="true" duration-ms="1038" started-at="2013-12-20T00:21:47Z" finished-at="2013-12-20T00:21:48Z">
          <reporter-output>
          </reporter-output>
        </test-method> <!-- afterSuite -->
      </class> <!-- tests.FilesDownloadVerification -->
    </test> <!-- Test II -->
    <test name="Test III" duration-ms="11806" started-at="2013-12-20T08:21:48Z" finished-at="2013-12-20T08:22:00Z">
      <class name="tests.VerifyPagesLoadFine">
        <test-method status="PASS" signature="prepareSuiteForTesting()[pri:0, instance:tests.VerifyPagesLoadFine@2f27f2bb]" name="prepareSuiteForTesting" is-config="true" duration-ms="19" started-at="2013-12-20T00:21:29Z" finished-at="2013-12-20T00:21:29Z">
          <reporter-output>
          </reporter-output>
        </test-method> <!-- prepareSuiteForTesting -->
        <test-method status="PASS" signature="beforeTest(java.lang.String, java.lang.String, java.lang.String, java.lang.String, java.lang.String)[pri:0, instance:tests.VerifyPagesLoadFine@2f27f2bb]" name="beforeTest" is-config="true" duration-ms="6052" started-at="2013-12-20T00:21:48Z" finished-at="2013-12-20T00:21:54Z">
          <params>
            <param index="0">
              <value>
                <![CDATA[ie]]>
              </value>
            </param>
            <param index="1">
              <value>
                <![CDATA[5555]]>
              </value>
            </param>
            <param index="2">
              <value>
                <![CDATA[localhost]]>
              </value>
            </param>
            <param index="3">
              <value>
                <![CDATA[user3]]>
              </value>
            </param>
            <param index="4">
              <value>
                <![CDATA[stage]]>
              </value>
            </param>
          </params>
          <reporter-output>
          </reporter-output>
        </test-method> <!-- beforeTest -->
        <test-method status="PASS" signature="veifyLoadTestPageLoadsFine()[pri:0, instance:tests.VerifyPagesLoadFine@2f27f2bb]" name="veifyLoadTestPageLoadsFine" duration-ms="1330" started-at="2013-12-20T00:21:54Z" finished-at="2013-12-20T00:21:56Z">
          <reporter-output>
          </reporter-output>
        </test-method> <!-- veifyLoadTestPageLoadsFine -->
        <test-method status="PASS" signature="verifyPerformancePageLoadsFine()[pri:0, instance:tests.VerifyPagesLoadFine@2f27f2bb]" name="verifyPerformancePageLoadsFine" duration-ms="1656" started-at="2013-12-20T00:21:56Z" depends-on-methods="tests.VerifyPagesLoadFine.veifyLoadTestPageLoadsFine" finished-at="2013-12-20T00:21:57Z">
          <reporter-output>
          </reporter-output>
        </test-method> <!-- verifyPerformancePageLoadsFine -->
        <test-method status="FAIL" signature="verifyLoadTestingToolsPageLoadsFine()[pri:0, instance:tests.VerifyPagesLoadFine@2f27f2bb]" name="verifyLoadTestingToolsPageLoadsFine" duration-ms="1213" started-at="2013-12-20T00:21:57Z" depends-on-methods="tests.VerifyPagesLoadFine.verifyPerformancePageLoadsFine" finished-at="2013-12-20T00:21:59Z">
          <exception class="java.lang.AssertionError">
            <message>
              <![CDATA[expected [true] but found [false]]]>
            </message>
            <full-stacktrace>
              <![CDATA[java.lang.AssertionError: expected [true] but found [false]
	at org.testng.Assert.fail(Assert.java:94)
	at org.testng.Assert.failNotEquals(Assert.java:494)
	at org.testng.Assert.assertTrue(Assert.java:42)
	at org.testng.Assert.assertTrue(Assert.java:52)
	at tests.VerifyPagesLoadFine.verifyLoadTestingToolsPageLoadsFine(VerifyPagesLoadFine.java:37)
	at sun.reflect.NativeMethodAccessorImpl.invoke0(Native Method)
	at sun.reflect.NativeMethodAccessorImpl.invoke(NativeMethodAccessorImpl.java:57)
	at sun.reflect.DelegatingMethodAccessorImpl.invoke(DelegatingMethodAccessorImpl.java:43)
	at java.lang.reflect.Method.invoke(Method.java:606)
	at org.testng.internal.MethodInvocationHelper.invokeMethod(MethodInvocationHelper.java:80)
	at org.testng.internal.Invoker.invokeMethod(Invoker.java:714)
	at org.testng.internal.Invoker.invokeTestMethod(Invoker.java:901)
	at org.testng.internal.Invoker.invokeTestMethods(Invoker.java:1231)
	at org.testng.internal.TestMethodWorker.invokeTestMethods(TestMethodWorker.java:127)
	at org.testng.internal.TestMethodWorker.run(TestMethodWorker.java:111)
	at org.testng.TestRunner.privateRun(TestRunner.java:767)
	at org.testng.TestRunner.run(TestRunner.java:617)
	at org.testng.SuiteRunner.runTest(SuiteRunner.java:334)
	at org.testng.SuiteRunner.access$000(SuiteRunner.java:37)
	at org.testng.SuiteRunner$SuiteWorker.run(SuiteRunner.java:368)
	at org.testng.internal.thread.ThreadUtil$2.call(ThreadUtil.java:64)
	at java.util.concurrent.FutureTask$Sync.innerRun(FutureTask.java:334)
	at java.util.concurrent.FutureTask.run(FutureTask.java:166)
	at java.util.concurrent.ThreadPoolExecutor.runWorker(ThreadPoolExecutor.java:1145)
	at java.util.concurrent.ThreadPoolExecutor$Worker.run(ThreadPoolExecutor.java:615)
	at java.lang.Thread.run(Thread.java:724)
]]>
            </full-stacktrace>
          </exception> <!-- java.lang.AssertionError -->
          <reporter-output>
          </reporter-output>
        </test-method> <!-- verifyLoadTestingToolsPageLoadsFine -->
        <test-method status="PASS" signature="afterSuite()[pri:0, instance:tests.VerifyPagesLoadFine@2f27f2bb]" name="afterSuite" is-config="true" duration-ms="1025" started-at="2013-12-20T00:21:59Z" finished-at="2013-12-20T00:22:00Z">
          <reporter-output>
          </reporter-output>
        </test-method> <!-- afterSuite -->
      </class> <!-- tests.VerifyPagesLoadFine -->
    </test> <!-- Test III -->
  </suite> <!-- IE-Tests -->
</testng-results>
