<?xml version="1.0" encoding="UTF-8"?>
<!-- Generated by org.testng.reporters.JUnitXMLReporter -->
<testsuite hostname="BBATSALE-LTW7" name="Test III" tests="3" failures="1" timestamp="20 Dec 2013 07:26:04 GMT" time="30.012" errors="0">
  <testcase name="veifyLoadTestPageLoadsFine" time="0.942" classname="tests.VerifyPagesLoadFine"/>
  <testcase name="verifyPerformancePageLoadsFine" time="0.823" classname="tests.VerifyPagesLoadFine"/>
  <testcase name="verifyLoadTestingToolsPageLoadsFine" time="1.974" classname="tests.VerifyPagesLoadFine">
    <failure type="java.lang.AssertionError" message="expected [true] but found [false]">
      <![CDATA[java.lang.AssertionError: expected [true] but found [false]
	at tests.VerifyPagesLoadFine.verifyLoadTestingToolsPageLoadsFine(VerifyPagesLoadFine.java:37)
	at java.util.concurrent.FutureTask$Sync.innerRun(FutureTask.java:334)
	at java.util.concurrent.FutureTask.run(FutureTask.java:166)
	at java.util.concurrent.ThreadPoolExecutor.runWorker(ThreadPoolExecutor.java:1145)
	at java.util.concurrent.ThreadPoolExecutor$Worker.run(ThreadPoolExecutor.java:615)
	at java.lang.Thread.run(Thread.java:724)
... Removed 20 stack frames]]>
    </failure>
  </testcase> <!-- verifyLoadTestingToolsPageLoadsFine -->
</testsuite> <!-- Test III -->
