<?xml version="1.0" encoding="UTF-8"?>
<!-- Generated by org.testng.reporters.JUnitXMLReporter -->
<testsuite hostname="BBATSALE-LTW7" name="Test II" tests="3" failures="1" timestamp="20 Dec 2013 07:25:49 GMT" time="15.41" errors="0">
  <testcase name="isUserLoggedIn" time="0.028" classname="tests.FilesDownloadVerification"/>
  <testcase name="isPerformanceTestTutorialDownloadable" time="0.989" classname="tests.FilesDownloadVerification">
    <failure type="java.lang.AssertionError" message="expected [true] but found [false]">
      <![CDATA[java.lang.AssertionError: expected [true] but found [false]
	at tests.FilesDownloadVerification.isPerformanceTestTutorialDownloadable(FilesDownloadVerification.java:34)
	at java.util.concurrent.FutureTask$Sync.innerRun(FutureTask.java:334)
	at java.util.concurrent.FutureTask.run(FutureTask.java:166)
	at java.util.concurrent.ThreadPoolExecutor.runWorker(ThreadPoolExecutor.java:1145)
	at java.util.concurrent.ThreadPoolExecutor$Worker.run(ThreadPoolExecutor.java:615)
	at java.lang.Thread.run(Thread.java:724)
... Removed 20 stack frames]]>
    </failure>
  </testcase> <!-- isPerformanceTestTutorialDownloadable -->
  <testcase name="isLoadTestTutorialDownloadable" time="0.515" classname="tests.FilesDownloadVerification"/>
</testsuite> <!-- Test II -->
